<?xml version="1.0" encoding="UTF-8"?>
<testsuite xmlns:xsi="http://www.w3.org/2001/XMLSchema-instance" xsi:noNamespaceSchemaLocation="https://maven.apache.org/surefire/maven-surefire-plugin/xsd/surefire-test-report-3.0.xsd" version="3.0" name="usmba.est.SommeArgentTest" time="0.233" tests="5" errors="0" skipped="0" failures="0">
  <properties>
[...]
</properties>
  <testcase name="testAdditionMemeDevise" classname="usmba.est.SommeArgentTest" time="0.115"/>
  <testcase name="testAdditionCorrecteSommeArgent" classname="usmba.est.SommeArgentTest" time="0.003"/>
  <testcase name="testAdditionDeviseDifferente" classname="usmba.est.SommeArgentTest" time="0.01"/>
  <testcase name="testAdditionDH" classname="usmba.est.SommeArgentTest" time="0.005"/>
  <testcase name="testEgalite" classname="usmba.est.SommeArgentTest" time="0.003"/>
</testsuite>